<?xml version="1.0" encoding="UTF-8"?>
<!-- Generated by org.testng.reporters.JUnitReportReporter -->
<testsuite hostname="THOUFIC" failures="0" tests="1" name="com.qa.crm.test.HomePageTest" time="25.527" errors="0" timestamp="06 Oct 2019 10:22:23 GMT" skipped="0">
  <testcase classname="com.qa.crm.test.HomePageTest" name="verificationOfUserID" time="25.527"/>
</testsuite> <!-- com.qa.crm.test.HomePageTest -->
