<?xml version="1.0" encoding="UTF-8"?>
<!-- Generated by org.testng.reporters.JUnitReportReporter -->
<testsuite hostname="THOUFIC" failures="0" tests="3" name="com.qa.crm.test.EntryPageTest" time="45.628" errors="0" timestamp="28 Dec 2019 14:20:31 GMT" skipped="0">
  <testcase classname="com.qa.crm.test.EntryPageTest" name="entryPageTitleTest" time="10.645"/>
  <testcase classname="com.qa.crm.test.EntryPageTest" name="loginButtonTest" time="12.711"/>
  <testcase classname="com.qa.crm.test.EntryPageTest" name="loginButtonClickTest" time="22.272"/>
</testsuite> <!-- com.qa.crm.test.EntryPageTest -->
