<?xml version="1.0" encoding="UTF-8"?>
<!-- Generated by org.testng.reporters.JUnitReportReporter -->
<testsuite hostname="THOUFIC" failures="0" tests="3" name="com.qa.crm.test.EntryPageTest" time="50.243" errors="0" timestamp="28 Dec 2019 12:38:24 GMT" skipped="0">
  <testcase classname="com.qa.crm.test.EntryPageTest" name="entryPageTitleTest" time="8.340"/>
  <testcase classname="com.qa.crm.test.EntryPageTest" name="loginButtonTest" time="14.384"/>
  <testcase classname="com.qa.crm.test.EntryPageTest" name="loginButtonClickTest" time="27.519"/>
</testsuite> <!-- com.qa.crm.test.EntryPageTest -->
